-------------------------------------------------------------------------------
Test set: programmingtheiot.integration.connection.MqttClientPerformanceTest
-------------------------------------------------------------------------------
Tests run: 4, Failures: 4, Errors: 0, Skipped: 0, Time elapsed: 0.001 s <<< FAILURE! - in programmingtheiot.integration.connection.MqttClientPerformanceTest
programmingtheiot.integration.connection.MqttClientPerformanceTest.testPublishQoS0  Time elapsed: 0 s  <<< FAILURE!
java.lang.AssertionError
	at programmingtheiot.integration.connection.MqttClientPerformanceTest.execTestPublish(MqttClientPerformanceTest.java:127)
	at programmingtheiot.integration.connection.MqttClientPerformanceTest.testPublishQoS0(MqttClientPerformanceTest.java:98)

programmingtheiot.integration.connection.MqttClientPerformanceTest.testPublishQoS1  Time elapsed: 0 s  <<< FAILURE!
java.lang.AssertionError
	at programmingtheiot.integration.connection.MqttClientPerformanceTest.execTestPublish(MqttClientPerformanceTest.java:127)
	at programmingtheiot.integration.connection.MqttClientPerformanceTest.testPublishQoS1(MqttClientPerformanceTest.java:107)

programmingtheiot.integration.connection.MqttClientPerformanceTest.testPublishQoS2  Time elapsed: 0 s  <<< FAILURE!
java.lang.AssertionError
	at programmingtheiot.integration.connection.MqttClientPerformanceTest.execTestPublish(MqttClientPerformanceTest.java:127)
	at programmingtheiot.integration.connection.MqttClientPerformanceTest.testPublishQoS2(MqttClientPerformanceTest.java:116)

programmingtheiot.integration.connection.MqttClientPerformanceTest.testConnectAndDisconnect  Time elapsed: 0 s  <<< FAILURE!
java.lang.AssertionError
	at programmingtheiot.integration.connection.MqttClientPerformanceTest.testConnectAndDisconnect(MqttClientPerformanceTest.java:83)

