<?xml version="1.0" encoding="UTF-8"?>
<testsuite xmlns:xsi="http://www.w3.org/2001/XMLSchema-instance" xsi:noNamespaceSchemaLocation="https://maven.apache.org/surefire/maven-surefire-plugin/xsd/surefire-test-report-3.0.xsd" version="3.0" name="programmingtheiot.integration.connection.CoapClientPerformanceTest" time="0.014" tests="4" errors="0" skipped="0" failures="0">
  <properties>
[...]
</properties>
  <testcase name="testPutRequestCon" classname="programmingtheiot.integration.connection.CoapClientPerformanceTest" time="0">
    <system-err><![CDATA[Mar 22, 2026 8:13:18 PM programmingtheiot.integration.connection.CoapClientPerformanceTest testPutRequestCon
INFO: Testing PUT - CON
Mar 22, 2026 8:13:19 PM programmingtheiot.integration.connection.CoapClientPerformanceTest execTestPut
INFO: PUT message - useCON = true [10000]: 0 ms
]]></system-err>
  </testcase>
  <testcase name="testPutRequestNon" classname="programmingtheiot.integration.connection.CoapClientPerformanceTest" time="0.002">
    <system-err><![CDATA[Mar 22, 2026 8:13:19 PM programmingtheiot.integration.connection.CoapClientPerformanceTest testPutRequestNon
INFO: Testing PUT - NON
Mar 22, 2026 8:13:19 PM programmingtheiot.integration.connection.CoapClientPerformanceTest execTestPut
INFO: PUT message - useCON = false [10000]: 0 ms
]]></system-err>
  </testcase>
  <testcase name="testPostRequestCon" classname="programmingtheiot.integration.connection.CoapClientPerformanceTest" time="0.001">
    <system-err><![CDATA[Mar 22, 2026 8:13:19 PM programmingtheiot.integration.connection.CoapClientPerformanceTest testPostRequestCon
INFO: Testing POST - CON
Mar 22, 2026 8:13:19 PM programmingtheiot.integration.connection.CoapClientPerformanceTest execTestPost
INFO: POST message - useCON = true [10000]: 0 ms
]]></system-err>
  </testcase>
  <testcase name="testPostRequestNon" classname="programmingtheiot.integration.connection.CoapClientPerformanceTest" time="0.011">
    <system-err><![CDATA[Mar 22, 2026 8:13:19 PM programmingtheiot.integration.connection.CoapClientPerformanceTest testPostRequestNon
INFO: Testing POST - NON
Mar 22, 2026 8:13:19 PM programmingtheiot.integration.connection.CoapClientPerformanceTest execTestPost
INFO: POST message - useCON = false [10000]: 0 ms
]]></system-err>
  </testcase>
</testsuite>